0 info it worked if it ends with ok
1 verbose cli [ 'node',
1 verbose cli   '/usr/local/bin/npm',
1 verbose cli   'install',
1 verbose cli   '-g',
1 verbose cli   'cordova',
1 verbose cli   'ionic' ]
2 info using npm@1.4.28
3 info using node@v0.10.35
4 verbose cache add [ 'cordova', null ]
5 verbose cache add name=undefined spec="cordova" args=["cordova",null]
6 verbose parsed url { protocol: null,
6 verbose parsed url   slashes: null,
6 verbose parsed url   auth: null,
6 verbose parsed url   host: null,
6 verbose parsed url   port: null,
6 verbose parsed url   hostname: null,
6 verbose parsed url   hash: null,
6 verbose parsed url   search: null,
6 verbose parsed url   query: null,
6 verbose parsed url   pathname: 'cordova',
6 verbose parsed url   path: 'cordova',
6 verbose parsed url   href: 'cordova' }
7 verbose cache add [ 'ionic', null ]
8 verbose cache add name=undefined spec="ionic" args=["ionic",null]
9 verbose parsed url { protocol: null,
9 verbose parsed url   slashes: null,
9 verbose parsed url   auth: null,
9 verbose parsed url   host: null,
9 verbose parsed url   port: null,
9 verbose parsed url   hostname: null,
9 verbose parsed url   hash: null,
9 verbose parsed url   search: null,
9 verbose parsed url   query: null,
9 verbose parsed url   pathname: 'ionic',
9 verbose parsed url   path: 'ionic',
9 verbose parsed url   href: 'ionic' }
10 silly lockFile a98f2055-cordova cordova
11 verbose lock cordova /Users/madcloud/.npm/a98f2055-cordova.lock
12 silly lockFile 00d10074-ionic ionic
13 verbose lock ionic /Users/madcloud/.npm/00d10074-ionic.lock
14 silly lockFile a98f2055-cordova cordova
15 silly lockFile a98f2055-cordova cordova
16 silly lockFile 00d10074-ionic ionic
17 silly lockFile 00d10074-ionic ionic
18 verbose addNamed [ 'cordova', '' ]
19 verbose addNamed [ null, '*' ]
20 silly lockFile de8d9fad-cordova cordova@
21 verbose lock cordova@ /Users/madcloud/.npm/de8d9fad-cordova.lock
22 verbose addNamed [ 'ionic', '' ]
23 verbose addNamed [ null, '*' ]
24 silly lockFile 966fc04a-ionic ionic@
25 verbose lock ionic@ /Users/madcloud/.npm/966fc04a-ionic.lock
26 silly addNameRange { name: 'cordova', range: '*', hasData: false }
27 silly addNameRange { name: 'ionic', range: '*', hasData: false }
28 verbose request where is /ionic
29 verbose request registry https://registry.npmjs.org/
30 verbose request id 8a489469a9921b0d
31 verbose url raw /ionic
32 verbose url resolving [ 'https://registry.npmjs.org/', './ionic' ]
33 verbose url resolved https://registry.npmjs.org/ionic
34 verbose request where is https://registry.npmjs.org/ionic
35 info trying registry request attempt 1 at 02:24:01
36 http GET https://registry.npmjs.org/ionic
37 verbose request where is /cordova
38 verbose request registry https://registry.npmjs.org/
39 verbose url raw /cordova
40 verbose url resolving [ 'https://registry.npmjs.org/', './cordova' ]
41 verbose url resolved https://registry.npmjs.org/cordova
42 verbose request where is https://registry.npmjs.org/cordova
43 info trying registry request attempt 1 at 02:24:01
44 verbose etag "ADWD9URAJ1LZ2N61TUTNT8Q7Y"
45 http GET https://registry.npmjs.org/cordova
46 http 200 https://registry.npmjs.org/cordova
47 silly registry.get cb [ 200,
47 silly registry.get   { server: 'CouchDB/1.5.0 (Erlang OTP/R16B03)',
47 silly registry.get     etag: '"A8GP117TSZS0V405LTCNBD1ST"',
47 silly registry.get     'content-type': 'application/json',
47 silly registry.get     'cache-control': 'max-age=60',
47 silly registry.get     'content-length': '367793',
47 silly registry.get     'accept-ranges': 'bytes',
47 silly registry.get     date: 'Sun, 08 Nov 2015 18:24:02 GMT',
47 silly registry.get     via: '1.1 varnish',
47 silly registry.get     age: '0',
47 silly registry.get     connection: 'keep-alive',
47 silly registry.get     'x-served-by': 'cache-nrt6124-NRT',
47 silly registry.get     'x-cache': 'MISS',
47 silly registry.get     'x-cache-hits': '0',
47 silly registry.get     'x-timer': 'S1447007041.899984,VS0,VE476',
47 silly registry.get     vary: 'Accept' } ]
48 silly addNameRange number 2 { name: 'cordova', range: '*', hasData: true }
49 silly addNameRange versions [ 'cordova',
49 silly addNameRange   [ '0.0.1',
49 silly addNameRange     '0.0.2',
49 silly addNameRange     '0.0.3',
49 silly addNameRange     '0.0.4',
49 silly addNameRange     '0.0.5',
49 silly addNameRange     '0.0.6',
49 silly addNameRange     '0.0.7',
49 silly addNameRange     '0.0.8',
49 silly addNameRange     '0.0.9',
49 silly addNameRange     '0.1.0',
49 silly addNameRange     '0.1.1',
49 silly addNameRange     '0.1.2',
49 silly addNameRange     '0.1.3',
49 silly addNameRange     '0.1.4',
49 silly addNameRange     '0.1.5',
49 silly addNameRange     '0.1.6',
49 silly addNameRange     '0.1.7',
49 silly addNameRange     '0.1.8',
49 silly addNameRange     '0.1.9',
49 silly addNameRange     '0.1.10',
49 silly addNameRange     '0.1.11',
49 silly addNameRange     '0.1.12',
49 silly addNameRange     '0.1.13',
49 silly addNameRange     '0.1.14',
49 silly addNameRange     '2.2.0',
49 silly addNameRange     '2.3.0',
49 silly addNameRange     '2.3.1',
49 silly addNameRange     '2.3.2',
49 silly addNameRange     '2.3.3',
49 silly addNameRange     '2.3.5',
49 silly addNameRange     '2.3.6',
49 silly addNameRange     '2.4.0',
49 silly addNameRange     '2.4.1',
49 silly addNameRange     '2.4.2',
49 silly addNameRange     '2.4.3',
49 silly addNameRange     '2.4.4',
49 silly addNameRange     '2.4.5',
49 silly addNameRange     '2.4.6',
49 silly addNameRange     '2.4.7',
49 silly addNameRange     '2.4.8',
49 silly addNameRange     '2.4.9',
49 silly addNameRange     '2.4.10',
49 silly addNameRange     '2.5.0',
49 silly addNameRange     '2.5.2',
49 silly addNameRange     '2.5.3',
49 silly addNameRange     '2.5.4',
49 silly addNameRange     '2.5.5',
49 silly addNameRange     '2.6.0',
49 silly addNameRange     '2.6.1',
49 silly addNameRange     '2.6.2',
49 silly addNameRange     '2.7.0-rc.1',
49 silly addNameRange     '2.7.1-rc.1',
49 silly addNameRange     '2.7.2',
49 silly addNameRange     '2.7.3',
49 silly addNameRange     '2.7.4',
49 silly addNameRange     '2.8.0',
49 silly addNameRange     '2.8.1',
49 silly addNameRange     '2.8.2',
49 silly addNameRange     '2.8.3',
49 silly addNameRange     '2.8.4',
49 silly addNameRange     '2.8.5',
49 silly addNameRange     '2.8.6',
49 silly addNameRange     '2.8.7',
49 silly addNameRange     '2.8.8',
49 silly addNameRange     '2.8.9',
49 silly addNameRange     '2.8.10',
49 silly addNameRange     '2.8.11',
49 silly addNameRange     '2.8.12',
49 silly addNameRange     '2.8.13',
49 silly addNameRange     '2.8.14',
49 silly addNameRange     '2.8.15',
49 silly addNameRange     '2.8.16',
49 silly addNameRange     '2.8.17',
49 silly addNameRange     '2.8.18',
49 silly addNameRange     '2.8.19',
49 silly addNameRange     '2.8.20',
49 silly addNameRange     '2.8.21',
49 silly addNameRange     '2.8.22',
49 silly addNameRange     '2.8.23',
49 silly addNameRange     '2.8.24',
49 silly addNameRange     '2.8.25',
49 silly addNameRange     '2.9.0',
49 silly addNameRange     '2.9.1',
49 silly addNameRange     '2.9.2',
49 silly addNameRange     '2.9.3',
49 silly addNameRange     '2.9.4',
49 silly addNameRange     '2.9.5',
49 silly addNameRange     '2.9.6',
49 silly addNameRange     '2.9.7',
49 silly addNameRange     '3.0.0-rc1',
49 silly addNameRange     '3.0.0-rc1-1',
49 silly addNameRange     '3.0.0-rc1-3',
49 silly addNameRange     '3.0.0',
49 silly addNameRange     '3.0.1',
49 silly addNameRange     '3.0.2',
49 silly addNameRange     '3.0.3',
49 silly addNameRange     '3.0.4',
49 silly addNameRange     '3.0.5',
49 silly addNameRange     '3.0.6',
49 silly addNameRange     '3.0.7',
49 silly addNameRange     '3.0.8',
49 silly addNameRange     '3.0.9',
49 silly addNameRange     '3.0.10',
49 silly addNameRange     '3.1.0-0.1.0',
49 silly addNameRange     '3.1.0-0.2.0',
49 silly addNameRange     '3.2.0-rc.1',
49 silly addNameRange     '3.2.0-0.1.0',
49 silly addNameRange     '3.2.0-0.2.0',
49 silly addNameRange     '3.2.0-0.3.0',
49 silly addNameRange     '3.2.0-0.4.0',
49 silly addNameRange     '3.3.0-rc.1',
49 silly addNameRange     '3.3.0-0.1.1',
49 silly addNameRange     '3.3.1-0.1.2',
49 silly addNameRange     '2.9.0-rc1',
49 silly addNameRange     '3.3.1-0.3.0',
49 silly addNameRange     '3.3.1-0.3.1',
49 silly addNameRange     '3.3.1-0.4.1',
49 silly addNameRange     '3.3.1-0.4.2',
49 silly addNameRange     '3.4.0-0.1.0',
49 silly addNameRange     '3.4.0-0.1.1',
49 silly addNameRange     '3.4.0-0.1.2',
49 silly addNameRange     '3.4.0-0.1.3',
49 silly addNameRange     '0.0.0-fake',
49 silly addNameRange     '3.4.1-0.1.0',
49 silly addNameRange     '3.5.0-0.2.0',
49 silly addNameRange     '3.5.0-0.2.1',
49 silly addNameRange     '3.5.0-0.2.2',
49 silly addNameRange     '3.5.0-0.2.3',
49 silly addNameRange     '3.5.0-0.2.4',
49 silly addNameRange     '3.5.0-0.2.6',
49 silly addNameRange     '3.5.0-0.2.7',
49 silly addNameRange     '3.6.0-0.2.8',
49 silly addNameRange     '3.6.0-0.2.9',
49 silly addNameRange     '3.6.1-0.2.10',
49 silly addNameRange     '3.6.3-0.2.11',
49 silly addNameRange     '3.6.3-0.2.12',
49 silly addNameRange     '3.6.3-0.2.13',
49 silly addNameRange     '4.0.0',
49 silly addNameRange     '4.0.1',
49 silly addNameRange     '4.1.0',
49 silly addNameRange     '4.1.1',
49 silly addNameRange     '4.1.2',
49 silly addNameRange     '4.1.3-nightly.2014.10.21',
49 silly addNameRange     '4.2.0',
49 silly addNameRange     '4.3.0',
49 silly addNameRange     '5.0.0',
49 silly addNameRange     '4.3.1',
49 silly addNameRange     '5.1.1',
49 silly addNameRange     '5.2.0',
49 silly addNameRange     '5.3.1',
49 silly addNameRange     '5.3.3',
49 silly addNameRange     '5.4.0' ] ]
50 verbose addNamed [ 'cordova', '5.4.0' ]
51 verbose addNamed [ '5.4.0', '5.4.0' ]
52 silly lockFile 3a36b5e7-cordova-5-4-0 cordova@5.4.0
53 verbose lock cordova@5.4.0 /Users/madcloud/.npm/3a36b5e7-cordova-5-4-0.lock
54 silly lockFile 46f6fa6f-js-org-cordova-cordova-5-4-0-tgz https://registry.npmjs.org/cordova/-/cordova-5.4.0.tgz
55 verbose lock https://registry.npmjs.org/cordova/-/cordova-5.4.0.tgz /Users/madcloud/.npm/46f6fa6f-js-org-cordova-cordova-5-4-0-tgz.lock
56 verbose addRemoteTarball [ 'https://registry.npmjs.org/cordova/-/cordova-5.4.0.tgz',
56 verbose addRemoteTarball   '2ed2255c2d73c713053e84df0de24caf73502659' ]
57 info retry fetch attempt 1 at 02:24:02
58 verbose fetch to= /var/folders/m1/66vxn8y960xcymf5jp5kr2280000gn/T/npm-97253-qdfknGv2/registry.npmjs.org/cordova/-/cordova-5.4.0.tgz
59 http GET https://registry.npmjs.org/cordova/-/cordova-5.4.0.tgz
60 http 200 https://registry.npmjs.org/ionic
61 silly registry.get cb [ 200,
61 silly registry.get   { server: 'CouchDB/1.5.0 (Erlang OTP/R16B03)',
61 silly registry.get     etag: '"D4ZWHYNBKT52VU9GGXKKX7DYM"',
61 silly registry.get     'content-type': 'application/json',
61 silly registry.get     'cache-control': 'max-age=60',
61 silly registry.get     'content-length': '589719',
61 silly registry.get     'accept-ranges': 'bytes',
61 silly registry.get     date: 'Sun, 08 Nov 2015 18:24:02 GMT',
61 silly registry.get     via: '1.1 varnish',
61 silly registry.get     age: '0',
61 silly registry.get     connection: 'keep-alive',
61 silly registry.get     'x-served-by': 'cache-nrt6135-NRT',
61 silly registry.get     'x-cache': 'HIT',
61 silly registry.get     'x-cache-hits': '1',
61 silly registry.get     'x-timer': 'S1447007041.830016,VS0,VE573',
61 silly registry.get     vary: 'Accept' } ]
62 silly addNameRange number 2 { name: 'ionic', range: '*', hasData: true }
63 silly addNameRange versions [ 'ionic',
63 silly addNameRange   [ '0.9.6',
63 silly addNameRange     '0.9.8',
63 silly addNameRange     '0.9.9',
63 silly addNameRange     '0.9.10',
63 silly addNameRange     '0.9.11',
63 silly addNameRange     '0.9.12',
63 silly addNameRange     '0.9.13',
63 silly addNameRange     '0.9.14',
63 silly addNameRange     '0.9.15',
63 silly addNameRange     '0.9.16',
63 silly addNameRange     '1.0.0-beta.1',
63 silly addNameRange     '1.0.0-beta',
63 silly addNameRange     '1.0.1-beta',
63 silly addNameRange     '1.0.3-beta',
63 silly addNameRange     '1.0.4',
63 silly addNameRange     '1.0.5',
63 silly addNameRange     '1.0.6',
63 silly addNameRange     '1.0.7',
63 silly addNameRange     '1.0.8',
63 silly addNameRange     '1.0.9',
63 silly addNameRange     '1.0.10',
63 silly addNameRange     '1.0.11',
63 silly addNameRange     '1.0.12',
63 silly addNameRange     '1.0.13',
63 silly addNameRange     '1.0.14',
63 silly addNameRange     '1.0.15',
63 silly addNameRange     '1.0.16',
63 silly addNameRange     '1.0.17',
63 silly addNameRange     '1.1.0-beta1',
63 silly addNameRange     '1.1.0-beta2',
63 silly addNameRange     '1.1.0-beta3',
63 silly addNameRange     '1.1.0-beta4',
63 silly addNameRange     '1.1.0-beta5',
63 silly addNameRange     '1.1.0-beta6',
63 silly addNameRange     '1.1.0',
63 silly addNameRange     '1.1.1-beta1',
63 silly addNameRange     '1.1.1-beta2',
63 silly addNameRange     '1.1.1-beta3',
63 silly addNameRange     '1.1.1',
63 silly addNameRange     '1.1.3',
63 silly addNameRange     '1.1.4',
63 silly addNameRange     '1.1.5-beta1',
63 silly addNameRange     '1.1.5-beta2',
63 silly addNameRange     '1.1.5-beta3',
63 silly addNameRange     '1.1.5-beta4',
63 silly addNameRange     '1.1.5-beta5',
63 silly addNameRange     '1.1.5',
63 silly addNameRange     '1.1.6',
63 silly addNameRange     '1.1.7-beta1',
63 silly addNameRange     '1.1.7',
63 silly addNameRange     '1.1.8-beta1',
63 silly addNameRange     '1.1.8-beta2',
63 silly addNameRange     '1.1.8-beta3',
63 silly addNameRange     '1.1.8-beta4',
63 silly addNameRange     '1.1.8-beta5',
63 silly addNameRange     '1.1.8',
63 silly addNameRange     '1.1.9-beta1',
63 silly addNameRange     '1.1.9',
63 silly addNameRange     '1.1.10',
63 silly addNameRange     '1.1.11-beta1',
63 silly addNameRange     '1.1.11-beta2',
63 silly addNameRange     '1.1.11',
63 silly addNameRange     '1.1.12-beta1',
63 silly addNameRange     '1.1.12-beta2',
63 silly addNameRange     '1.1.12-beta3',
63 silly addNameRange     '1.1.12',
63 silly addNameRange     '1.1.13',
63 silly addNameRange     '1.1.14-beta1',
63 silly addNameRange     '1.1.14-beta2',
63 silly addNameRange     '1.1.14-beta3',
63 silly addNameRange     '1.2.0-beta1',
63 silly addNameRange     '1.2.0',
63 silly addNameRange     '1.2.1-beta1',
63 silly addNameRange     '1.2.1-beta2',
63 silly addNameRange     '1.2.1-beta3',
63 silly addNameRange     '1.2.1-beta4',
63 silly addNameRange     '1.2.1',
63 silly addNameRange     '1.2.2',
63 silly addNameRange     '1.2.3-beta1',
63 silly addNameRange     '1.2.3-beta2',
63 silly addNameRange     '1.2.3-beta3',
63 silly addNameRange     '1.2.3',
63 silly addNameRange     '1.2.4-beta1',
63 silly addNameRange     '1.2.4-beta2',
63 silly addNameRange     '1.2.4-beta3',
63 silly addNameRange     '1.2.4',
63 silly addNameRange     '1.2.5-beta1',
63 silly addNameRange     '1.2.5-beta2',
63 silly addNameRange     '1.2.5-beta3',
63 silly addNameRange     '1.2.5',
63 silly addNameRange     '1.2.6-beta1',
63 silly addNameRange     '1.2.6-beta2',
63 silly addNameRange     '1.2.6-beta3',
63 silly addNameRange     '1.2.6',
63 silly addNameRange     '1.2.7',
63 silly addNameRange     '1.2.8-beta1',
63 silly addNameRange     '1.2.8-beta2',
63 silly addNameRange     '1.2.8',
63 silly addNameRange     '1.2.9',
63 silly addNameRange     '1.2.10',
63 silly addNameRange     '1.2.11',
63 silly addNameRange     '1.2.12',
63 silly addNameRange     '1.2.13',
63 silly addNameRange     '1.2.14-beta1',
63 silly addNameRange     '1.2.14-beta2',
63 silly addNameRange     '1.2.14-beta3',
63 silly addNameRange     '1.2.14-beta4',
63 silly addNameRange     '1.2.14-beta5',
63 silly addNameRange     '1.2.14-beta6',
63 silly addNameRange     '1.2.14',
63 silly addNameRange     '1.3.0-beta1',
63 silly addNameRange     '1.3.0',
63 silly addNameRange     '1.3.1',
63 silly addNameRange     '1.3.2',
63 silly addNameRange     '1.3.3',
63 silly addNameRange     '1.3.4',
63 silly addNameRange     '1.3.5',
63 silly addNameRange     '1.3.6',
63 silly addNameRange     '1.3.7',
63 silly addNameRange     '1.3.8',
63 silly addNameRange     '1.3.9',
63 silly addNameRange     '1.3.10',
63 silly addNameRange     '1.4.0-alpha.1',
63 silly addNameRange     '1.3.11',
63 silly addNameRange     '1.3.1-1.alpha.0',
63 silly addNameRange     '1.4.0-alpha.2',
63 silly addNameRange     '1.3.12',
63 silly addNameRange     '1.3.12-beta.1',
63 silly addNameRange     '1.3.12-beta.2',
63 silly addNameRange     '1.3.13-beta.0',
63 silly addNameRange     '1.3.1-3.beta.1',
63 silly addNameRange     '1.3.1-3.beta.2',
63 silly addNameRange     '1.3.13',
63 silly addNameRange     '1.3.1-3.beta.4',
63 silly addNameRange     '1.3.14-beta',
63 silly addNameRange     '1.3.14-beta.1',
63 silly addNameRange     '1.4.0-alpha.3',
63 silly addNameRange     '1.3.14',
63 silly addNameRange     '1.4.0-alpha.4',
63 silly addNameRange     '1.4.0-alpha.5',
63 silly addNameRange     '1.3.15-beta.0',
63 silly addNameRange     '1.3.15-beta.1',
63 silly addNameRange     '1.3.15-beta.2',
63 silly addNameRange     '1.3.15-beta.3',
63 silly addNameRange     '1.3.15-beta.4',
63 silly addNameRange     '1.3.15',
63 silly addNameRange     '1.3.16',
63 silly addNameRange     '1.4.0-alpha.6',
63 silly addNameRange     '1.3.17-beta.0',
63 silly addNameRange     '1.3.17-beta.1',
63 silly addNameRange     '1.3.17-beta.2',
63 silly addNameRange     '1.3.17-beta.3',
63 silly addNameRange     '1.3.1-7.beta.4',
63 silly addNameRange     '1.3.17',
63 silly addNameRange     '1.3.18-beta.0',
63 silly addNameRange     '1.3.18-beta.1',
63 silly addNameRange     '1.3.18-beta.2',
63 silly addNameRange     '1.3.18-beta.3',
63 silly addNameRange     '1.3.18',
63 silly addNameRange     '1.3.19-beta.0',
63 silly addNameRange     '1.3.19-beta.1',
63 silly addNameRange     '1.3.19-beta.2',
63 silly addNameRange     '1.3.19-beta.3',
63 silly addNameRange     '1.3.19-beta.4',
63 silly addNameRange     '1.3.19',
63 silly addNameRange     '1.3.20',
63 silly addNameRange     '1.4.1-beta.0',
63 silly addNameRange     '1.4.0-beta.1',
63 silly addNameRange     '1.4.0-beta.2',
63 silly addNameRange     '1.4.0-beta.3',
63 silly addNameRange     '1.4.0-beta.5',
63 silly addNameRange     '1.4.0-beta.6',
63 silly addNameRange     '1.4.0-beta.7',
63 silly addNameRange     '1.3.21-beta.0',
63 silly addNameRange     '1.3.21-beta.1',
63 silly addNameRange     '1.3.21',
63 silly addNameRange     '1.3.22',
63 silly addNameRange     '1.4.0-beta.8',
63 silly addNameRange     '1.4.0-beta.9',
63 silly addNameRange     '1.4.0-beta.10',
63 silly addNameRange     '1.4.0-beta.11',
63 silly addNameRange     '1.4.0-beta.12',
63 silly addNameRange     '1.4.0-beta.13',
63 silly addNameRange     '1.4.0-beta.14',
63 silly addNameRange     '1.4.0-beta.15',
63 silly addNameRange     '1.4.0-beta.16',
63 silly addNameRange     '1.4.0-beta.17',
63 silly addNameRange     '1.4.0-beta.18',
63 silly addNameRange     '1.4.0',
63 silly addNameRange     '1.4.1',
63 silly addNameRange     '1.4.2',
63 silly addNameRange     '1.4.3',
63 silly addNameRange     '1.4.4-beta.0',
63 silly addNameRange     '1.4.4-beta.2',
63 silly addNameRange     '1.4.4',
63 silly addNameRange     '1.4.5-beta.0',
63 silly addNameRange     '1.4.5-beta.1',
63 silly addNameRange     '1.4.5-beta.2',
63 silly addNameRange     '1.4.5-beta.3',
63 silly addNameRange     '1.4.5',
63 silly addNameRange     '1.4.6-beta.0',
63 silly addNameRange     '1.4.6',
63 silly addNameRange     '1.4.7',
63 silly addNameRange     '1.4.8',
63 silly addNameRange     '1.5.0-beta.0',
63 silly addNameRange     '1.5.0-beta.1',
63 silly addNameRange     '1.5.0',
63 silly addNameRange     '1.5.1-beta.0',
63 silly addNameRange     '1.5.1-beta.1',
63 silly addNameRange     '1.5.1-beta.2',
63 silly addNameRange     '1.5.1-beta.3',
63 silly addNameRange     '1.5.1-beta.4',
63 silly addNameRange     '1.5.1',
63 silly addNameRange     '1.5.2',
63 silly addNameRange     '1.5.3',
63 silly addNameRange     '1.5.4',
63 silly addNameRange     '1.5.5',
63 silly addNameRange     '1.6.0-beta.1',
63 silly addNameRange     '1.6.0',
63 silly addNameRange     '1.6.1',
63 silly addNameRange     '1.6.2-beta.0',
63 silly addNameRange     '1.6.2-beta.1',
63 silly addNameRange     '1.6.2-beta.2',
63 silly addNameRange     '1.6.2',
63 silly addNameRange     '1.6.3-beta.0',
63 silly addNameRange     '1.6.3-beta.1',
63 silly addNameRange     '1.6.3',
63 silly addNameRange     '1.6.4-beta.0',
63 silly addNameRange     '1.6.4-beta.1',
63 silly addNameRange     '1.6.4',
63 silly addNameRange     '1.7.0-beta.0',
63 silly addNameRange     '1.7.0-beta.1',
63 silly addNameRange     '1.7.0-beta.2',
63 silly addNameRange     '1.7.0-beta.3',
63 silly addNameRange     '2.0.0-alpha.1',
63 silly addNameRange     '2.0.0-alpha.3',
63 silly addNameRange     '1.7.0-beta.4',
63 silly addNameRange     '1.6.5-testing.0',
63 silly addNameRange     '1.6.5-testing.1',
63 silly addNameRange     '1.6.5-testing.2',
63 silly addNameRange     '1.6.5-testing.3',
63 silly addNameRange     '1.6.5',
63 silly addNameRange     '2.0.0-alpha.4',
63 silly addNameRange     '1.7.0-beta.5',
63 silly addNameRange     '1.7.0-beta.6',
63 silly addNameRange     '1.7.0',
63 silly addNameRange     '2.0.0-alpha.5',
63 silly addNameRange     '2.0.0-alpha.6',
63 silly addNameRange     '1.7.1',
63 silly addNameRange     '2.0.0-alpha.7',
63 silly addNameRange     '2.0.0-alpha.8',
63 silly addNameRange     '1.7.2',
63 silly addNameRange     '1.7.3',
63 silly addNameRange     '1.7.4',
63 silly addNameRange     '1.7.5',
63 silly addNameRange     '1.7.6',
63 silly addNameRange     '1.7.7-beta.0',
63 silly addNameRange     '2.0.0-alpha.9',
63 silly addNameRange     '1.7.7',
63 silly addNameRange     '2.0.0-alpha.10',
63 silly addNameRange     '2.0.0-alpha.11',
63 silly addNameRange     '2.0.0-alpha.12',
63 silly addNameRange     '2.0.0-alpha.13',
63 silly addNameRange     '2.0.0-alpha.14',
63 silly addNameRange     '2.0.0-alpha.15',
63 silly addNameRange     '2.0.0-alpha.16',
63 silly addNameRange     '2.0.0-alpha.17',
63 silly addNameRange     '2.0.0-alpha.18',
63 silly addNameRange     '1.7.8-beta.0',
63 silly addNameRange     '1.7.8-beta.1',
63 silly addNameRange     '1.7.8-beta.2',
63 silly addNameRange     '1.7.8-beta.3',
63 silly addNameRange     '1.7.8',
63 silly addNameRange     '2.0.0-alpha.19',
63 silly addNameRange     '2.0.0-alpha.20' ] ]
64 verbose addNamed [ 'ionic', '1.7.8' ]
65 verbose addNamed [ '1.7.8', '1.7.8' ]
66 silly lockFile 014e9c3d-ionic-1-7-8 ionic@1.7.8
67 verbose lock ionic@1.7.8 /Users/madcloud/.npm/014e9c3d-ionic-1-7-8.lock
68 silly lockFile 28d13acf--npmjs-org-ionic-ionic-1-7-8-tgz https://registry.npmjs.org/ionic/-/ionic-1.7.8.tgz
69 verbose lock https://registry.npmjs.org/ionic/-/ionic-1.7.8.tgz /Users/madcloud/.npm/28d13acf--npmjs-org-ionic-ionic-1-7-8-tgz.lock
70 verbose addRemoteTarball [ 'https://registry.npmjs.org/ionic/-/ionic-1.7.8.tgz',
70 verbose addRemoteTarball   '9daa4be3da17c992f35ea17992efe7b353636d76' ]
71 info retry fetch attempt 1 at 02:24:03
72 verbose fetch to= /var/folders/m1/66vxn8y960xcymf5jp5kr2280000gn/T/npm-97253-qdfknGv2/registry.npmjs.org/ionic/-/ionic-1.7.8.tgz
73 http GET https://registry.npmjs.org/ionic/-/ionic-1.7.8.tgz
74 http 200 https://registry.npmjs.org/cordova/-/cordova-5.4.0.tgz
75 silly lockFile 46f6fa6f-js-org-cordova-cordova-5-4-0-tgz https://registry.npmjs.org/cordova/-/cordova-5.4.0.tgz
76 silly lockFile 46f6fa6f-js-org-cordova-cordova-5-4-0-tgz https://registry.npmjs.org/cordova/-/cordova-5.4.0.tgz
77 silly lockFile 3a36b5e7-cordova-5-4-0 cordova@5.4.0
78 silly lockFile 3a36b5e7-cordova-5-4-0 cordova@5.4.0
79 silly lockFile de8d9fad-cordova cordova@
80 silly lockFile de8d9fad-cordova cordova@
81 http 200 https://registry.npmjs.org/ionic/-/ionic-1.7.8.tgz
82 silly lockFile 28d13acf--npmjs-org-ionic-ionic-1-7-8-tgz https://registry.npmjs.org/ionic/-/ionic-1.7.8.tgz
83 silly lockFile 28d13acf--npmjs-org-ionic-ionic-1-7-8-tgz https://registry.npmjs.org/ionic/-/ionic-1.7.8.tgz
84 silly lockFile 014e9c3d-ionic-1-7-8 ionic@1.7.8
85 silly lockFile 014e9c3d-ionic-1-7-8 ionic@1.7.8
86 silly lockFile 966fc04a-ionic ionic@
87 silly lockFile 966fc04a-ionic ionic@
88 error Error: EACCES, mkdir '/Users/madcloud/.npm/cordova/5.4.0'
88 error  { [Error: EACCES, mkdir '/Users/madcloud/.npm/cordova/5.4.0']
88 error   errno: 3,
88 error   code: 'EACCES',
88 error   path: '/Users/madcloud/.npm/cordova/5.4.0' }
89 error Please try running this command again as root/Administrator.
90 error System Darwin 14.1.0
91 error command "node" "/usr/local/bin/npm" "install" "-g" "cordova" "ionic"
92 error cwd /Users/madcloud/Documents/git/cloudy_test_code/php/swoole
93 error node -v v0.10.35
94 error npm -v 1.4.28
95 error path /Users/madcloud/.npm/cordova/5.4.0
96 error code EACCES
97 error errno 3
98 error stack Error: EACCES, mkdir '/Users/madcloud/.npm/cordova/5.4.0'
99 verbose exit [ 3, true ]
